  .   ____          _            __ _ _
 /\\ / ___'_ __ _ _(_)_ __  __ _ \ \ \ \
( ( )\___ | '_ | '_| | '_ \/ _` | \ \ \ \
 \\/  ___)| |_)| | | | | || (_| |  ) ) ) )
  '  |____| .__|_| |_|_| |_\__, | / / / /
 =========|_|==============|___/=/_/_/_/

 :: Spring Boot ::                (v3.3.0)

2025-10-24 22:48:54 - c.e.SpringAiVoiceGenerationApplication - Starting SpringAiVoiceGenerationApplication v1.0.0 using Java 21 with PID 32976 (E:\Spring_AI_BOOK\code-examples\chapter5-voice-generation\target\spring-ai-voice-generation-1.0.0.jar started by kevintsai in E:\Spring_AI_BOOK\code-examples\chapter5-voice-generation)
2025-10-24 22:48:54 - c.e.SpringAiVoiceGenerationApplication - Running with Spring Boot v3.3.0, Spring v6.1.8
2025-10-24 22:48:54 - c.e.SpringAiVoiceGenerationApplication - No active profile set, falling back to 1 default profile: "default"
2025-10-24 22:48:56 - o.s.d.r.c.RepositoryConfigurationDelegate - Multiple Spring Data modules found, entering strict repository configuration mode
2025-10-24 22:48:56 - o.s.d.r.c.RepositoryConfigurationDelegate - Bootstrapping Spring Data Redis repositories in DEFAULT mode.
2025-10-24 22:48:56 - o.s.d.r.c.RepositoryConfigurationDelegate - Finished Spring Data repository scanning in 32 ms. Found 0 Redis repository interfaces.
2025-10-24 22:48:58 - o.s.b.w.e.tomcat.TomcatWebServer - Tomcat initialized with port 8080 (http)
2025-10-24 22:48:58 - o.a.catalina.core.StandardService - Starting service [Tomcat]
2025-10-24 22:48:58 - o.a.catalina.core.StandardEngine - Starting Servlet engine: [Apache Tomcat/10.1.24]
2025-10-24 22:48:58 - o.a.c.c.C.[Tomcat].[localhost].[/] - Initializing Spring embedded WebApplicationContext
2025-10-24 22:48:58 - o.s.b.w.s.c.ServletWebServerApplicationContext - Root WebApplicationContext: initialization completed in 3605 ms
2025-10-24 22:49:01 - o.s.a.m.t.a.ToolCallingAutoConfiguration - Cannot load class: org.springframework.security.oauth2.client.ClientAuthorizationException
2025-10-24 22:49:03 - o.s.b.w.e.tomcat.TomcatWebServer - Tomcat started on port 8080 (http) with context path '/'
2025-10-24 22:49:03 - c.e.SpringAiVoiceGenerationApplication - Started SpringAiVoiceGenerationApplication in 9.997 seconds (process running for 11.446)
2025-10-24 22:49:03 - o.a.c.c.C.[Tomcat].[localhost].[/] - Initializing Spring DispatcherServlet 'dispatcherServlet'
2025-10-24 22:49:03 - o.s.web.servlet.DispatcherServlet - Initializing Servlet 'dispatcherServlet'
2025-10-24 22:49:03 - o.s.web.servlet.DispatcherServlet - Completed initialization in 7 ms
2025-10-24 22:49:04 - c.example.controller.VoiceController - 檢查語音生成服務健康狀態
2025-10-24 22:49:04 - c.example.controller.VoiceController - 獲取可用語音列表
2025-10-24 22:49:04 - c.e.s.i.VoiceGenerationServiceImpl - 獲取可用語音列表
